nohup: ignoring input
USEGPU=1 CUDA_VISIBLE_DEVICES=2 /home/home/lucas/projects/GliODIL/GliODIL.py --outdirectory "/mnt/Drive2/lucas/datasets/data_GliODIL_essential/data_716/pet_ess" --optimizer adamn --postfix _pet__PDE1.0_ --lambda_pde_multiplier 1.0 --Nt 192 --Nx 48 --Ny 48 --Nz 48 --days 100 --history_every 1000 --report_every 1000 --epochs 9000 --plot_every 3000 --save_solution y --final_print y --code x --multigrid 1 --save_forward odil_res --save_forward2 full_trim_Gauss --initial_guess forward_character_dice_breaking --seg_path "/mnt/Drive2/lucas/datasets/data_GliODIL_essential/data_716/segm.nii.gz" --wm_path "/mnt/Drive2/lucas/datasets/data_GliODIL_essential/data_716/t1_wm.nii.gz"  --gm_path "/mnt/Drive2/lucas/datasets/data_GliODIL_essential/data_716/t1_gm.nii.gz" --pet_path "/mnt/Drive2/lucas/datasets/data_GliODIL_essential/data_716/FET.nii.gz"
2025-06-08 14:40:01.244254: E external/local_xla/xla/stream_executor/cuda/cuda_fft.cc:467] Unable to register cuFFT factory: Attempting to register factory for plugin cuFFT when one has already been registered
WARNING: All log messages before absl::InitializeLog() is called are written to STDERR
E0000 00:00:1749386401.330769 2127244 cuda_dnn.cc:8579] Unable to register cuDNN factory: Attempting to register factory for plugin cuDNN when one has already been registered
E0000 00:00:1749386401.356822 2127244 cuda_blas.cc:1407] Unable to register cuBLAS factory: Attempting to register factory for plugin cuBLAS when one has already been registered
W0000 00:00:1749386401.537344 2127244 computation_placer.cc:177] computation placer already registered. Please check linkage and avoid linking the same target more than once.
W0000 00:00:1749386401.537396 2127244 computation_placer.cc:177] computation placer already registered. Please check linkage and avoid linking the same target more than once.
W0000 00:00:1749386401.537402 2127244 computation_placer.cc:177] computation placer already registered. Please check linkage and avoid linking the same target more than once.
W0000 00:00:1749386401.537407 2127244 computation_placer.cc:177] computation placer already registered. Please check linkage and avoid linking the same target more than once.
2025-06-08 14:40:01.560124: I tensorflow/core/platform/cpu_feature_guard.cc:210] This TensorFlow binary is optimized to use available CPU instructions in performance-critical operations.
To enable the following instructions: AVX2 FMA, in other operations, rebuild TensorFlow with the appropriate compiler flags.
I0000 00:00:1749386405.869965 2127244 gpu_device.cc:2019] Created device /job:localhost/replica:0/task:0/device:GPU:0 with 44211 MB memory:  -> device: 0, name: Quadro RTX 8000, pci bus id: 0000:46:00.0, compute capability: 7.5
Pet in path provided - adding pet to the loss function.
(240, 240, 155)
(2, 112, 123, 105)
start plotting epoch: 0
start plotting epoch: 3000
start plotting epoch: 6000
start plotting epoch: 9000
start plotting epoch: f
Done.
